Active-HDL 13.0.375.8320 2023-07-04 00:09:24

Elaboration top modules:
Architecture                  ALU(ALU)


-----------------------------------------------------------------------------------------------------------------
Entity   | Architecture | Library                       | Info | Compiler Version          | Compilation Options
-----------------------------------------------------------------------------------------------------------------
ALU      | ALU          | Design2_LOAD_SUM_SUB_JNZ_MULT |      | 13.0.375.8320 (Windows64) | -O3
-----------------------------------------------------------------------------------------------------------------

-----------------------------------------------------------------------------------------------------------------
VHDL Package            | Library                       | Info | Compiler Version          | Compilation Options
-----------------------------------------------------------------------------------------------------------------
standard                | std                           |      |                           | <unavailable>
TEXTIO                  | std                           |      | 13.0.375.8320 (Windows64) |  -2019
std_logic_1164          | ieee                          |      | 13.0.375.8320 (Windows64) |  -2008
NUMERIC_STD             | ieee                          |      | 13.0.375.8320 (Windows64) |  -2008
std_logic_arith         | ieee                          |      | 13.0.375.8320 (Windows64) | <unavailable>
STD_LOGIC_UNSIGNED      | ieee                          |      | 13.0.375.8320 (Windows64) | <unavailable>
-----------------------------------------------------------------------------------------------------------------

-----------------------------------------------------------------------------------------------------------------------
Library                       | Comment
-----------------------------------------------------------------------------------------------------------------------
Design2_LOAD_SUM_SUB_JNZ_MULT | None
ieee                          | Standard IEEE packages library
std                           | Standard VHDL library
-----------------------------------------------------------------------------------------------------------------------
