acom -O3 -e 100 -work Design2_LOAD_SUM_SUB_JNZ_MULT -2002  $dsn/src/Memory.vhd
# Warning: DAGGEN_0523: The source is compiled without the -dbg switch. Line breakpoints and assertion debug will not be available.
# File: C:/Users/Faryar/Desktop/Simple-Processor-VHDL/CustomProcessor/Design2_LOAD_SUM_SUB_JNZ_MULT/src/Memory.vhd
# Compile Entity "Memory"
# Compile Architecture "Memory" of Entity "Memory"
# Error: COMP96_0367: Memory.vhd : (16, 11): Improper array length (6). Expected length is 7.
# Error: COMP96_0367: Memory.vhd : (18, 11): Improper array length (6). Expected length is 7.
# Error: COMP96_0367: Memory.vhd : (20, 11): Improper array length (6). Expected length is 7.
# Error: COMP96_0367: Memory.vhd : (22, 11): Improper array length (6). Expected length is 7.
# Error: COMP96_0367: Memory.vhd : (26, 12): Improper array length (6). Expected length is 7.
# Error: COMP96_0367: Memory.vhd : (27, 12): Improper array length (6). Expected length is 7.
# Compile failure 6 Errors 0 Warnings  Analysis time :  15.0 [ms]
acom -O3 -e 100 -work Design2_LOAD_SUM_SUB_JNZ_MULT -2002  $dsn/src/Memory.vhd
# Warning: DAGGEN_0523: The source is compiled without the -dbg switch. Line breakpoints and assertion debug will not be available.
# File: C:/Users/Faryar/Desktop/Simple-Processor-VHDL/CustomProcessor/Design2_LOAD_SUM_SUB_JNZ_MULT/src/Memory.vhd
# Compile Entity "Memory"
# Compile Architecture "Memory" of Entity "Memory"
# Compile success 0 Errors 0 Warnings  Analysis time :  32.0 [ms]
acom -O3 -e 100 -work Design2_LOAD_SUM_SUB_JNZ_MULT -2002  $dsn/src/Main.vhd
# Warning: DAGGEN_0523: The source is compiled without the -dbg switch. Line breakpoints and assertion debug will not be available.
# File: C:/Users/Faryar/Desktop/Simple-Processor-VHDL/CustomProcessor/Design2_LOAD_SUM_SUB_JNZ_MULT/src/Main.vhd
# Compile Entity "Main"
# Compile Architecture "Main" of Entity "Main"
# Compile success 0 Errors 0 Warnings  Analysis time :  15.0 [ms]
acom -O3 -e 100 -work Design2_LOAD_SUM_SUB_JNZ_MULT -2002  $dsn/src/TestBench/main_TB.vhd
# Warning: DAGGEN_0523: The source is compiled without the -dbg switch. Line breakpoints and assertion debug will not be available.
# File: C:/Users/Faryar/Desktop/Simple-Processor-VHDL/CustomProcessor/Design2_LOAD_SUM_SUB_JNZ_MULT/src/TestBench/main_TB.vhd
# Compile Entity "main_tb"
# Compile Architecture "TB_ARCHITECTURE" of Entity "main_tb"
# Compile Configuration "TESTBENCH_FOR_main"
# Compile success 0 Errors 0 Warnings  Analysis time :  31.0 [ms]
SetActiveLib -work
comp -include "$dsn\src\Main.vhd" 
# Warning: DAGGEN_0523: The source is compiled without the -dbg switch. Line breakpoints and assertion debug will not be available.
# File: C:/Users/Faryar/Desktop/Simple-Processor-VHDL/CustomProcessor/Design2_LOAD_SUM_SUB_JNZ_MULT/src/Main.vhd
# Compile Entity "Main"
# Compile Architecture "Main" of Entity "Main"
# Compile success 0 Errors 0 Warnings  Analysis time :  31.0 [ms]
comp -include "$dsn\src\TestBench\main_TB.vhd" 
# Warning: DAGGEN_0523: The source is compiled without the -dbg switch. Line breakpoints and assertion debug will not be available.
# File: C:/Users/Faryar/Desktop/Simple-Processor-VHDL/CustomProcessor/Design2_LOAD_SUM_SUB_JNZ_MULT/src/TestBench/main_TB.vhd
# Compile Entity "main_tb"
# Compile Architecture "TB_ARCHITECTURE" of Entity "main_tb"
# Compile Configuration "TESTBENCH_FOR_main"
# Compile success 0 Errors 0 Warnings  Analysis time :  31.0 [ms]
asim +access +r TESTBENCH_FOR_main 
# ELBREAD: Elaboration process.
# ELBREAD: Elaboration time 0.1 [s].
# VSIM: Stack memory: 32MB
# VSIM: Retval memory: 32MB
# KERNEL: Main thread initiated.
# KERNEL: Kernel process initialization phase.
# ELAB2: Elaboration final pass...
# ELAB2: Create instances ...
# KERNEL: Time resolution set to 1ps.
# ELAB2: Create instances complete.
# SLP: Started
# SLP: Elaboration phase ...
# SLP: Elaboration phase ... skipped, nothing to simulate in SLP mode : 0.0 [s]
# SLP: Finished : 0.0 [s]
# ELAB2: Elaboration final pass complete - time: 0.0 [s].
# KERNEL: Kernel process initialization done.
# Allocation: Simulator allocated 6619 kB (elbread=427 elab2=6051 kernel=140 sdf=0)
# KERNEL: ASDB file was created in location C:\Users\Faryar\Desktop\Simple-Processor-VHDL\CustomProcessor\Design2_LOAD_SUM_SUB_JNZ_MULT\src\wave.asdb
#  1:00 AM, Tuesday, July 04, 2023
#  Simulation has been initialized
wave 
wave -noreg CLK
wave -noreg RST
wave -noreg BUS_Sel
wave -noreg INC
wave -noreg CMD
wave -noreg IR
wave -noreg PC
wave -noreg LD_REG
wave -noreg Reg0
wave -noreg Reg1
wave -noreg Reg2
wave -noreg Reg3
wave -noreg ALU_out
wave -noreg bus_data
wave -noreg Memory_Data
# # The following lines can be used for timing simulation
# # acom <backannotated_vhdl_file_name>
# # comp -include "$dsn\src\TestBench\main_TB_tim_cfg.vhd" 
# # asim +access +r TIMING_FOR_main 
# VSIM: 15 object(s) traced.
# Waveform file 'untitled.awc' connected to 'C:/Users/Faryar/Desktop/Simple-Processor-VHDL/CustomProcessor/Design2_LOAD_SUM_SUB_JNZ_MULT/src/wave.asdb'.
run 100 ns
# KERNEL: WARNING: NUMERIC_STD.TO_INTEGER: metavalue detected, returning 0
# KERNEL: Time: 0 ps,  Iteration: 0,  Instance: /main_tb/UUT/ControlUnit_inst,  Process: line__26.
# KERNEL: WARNING: NUMERIC_STD.TO_INTEGER: metavalue detected, returning 0
# KERNEL: Time: 0 ps,  Iteration: 0,  Instance: /main_tb/UUT/ROM0,  Process: line__20.
# KERNEL: WARNING: There is an 'U'|'X'|'W'|'Z'|'-' in an arithmetic operand, the result will be 'X'(es).
# KERNEL: Time: 10 ns,  Iteration: 2,  Instance: /main_tb/UUT/ALU0,  Process: line__18.
# KERNEL: stopped at time: 100 ns
run 100 ns
# KERNEL: stopped at time: 200 ns
run 100 ns
# KERNEL: WARNING: NUMERIC_STD.TO_INTEGER: metavalue detected, returning 0
# KERNEL: Time: 270 ns,  Iteration: 3,  Instance: /main_tb/UUT/ControlUnit_inst,  Process: line__26.
# KERNEL: stopped at time: 300 ns
endsim
# VSIM: Simulation has finished.
acom -O3 -e 100 -work Design2_LOAD_SUM_SUB_JNZ_MULT -2002  $dsn/src/Memory.vhd
# Warning: DAGGEN_0523: The source is compiled without the -dbg switch. Line breakpoints and assertion debug will not be available.
# File: C:/Users/Faryar/Desktop/Simple-Processor-VHDL/CustomProcessor/Design2_LOAD_SUM_SUB_JNZ_MULT/src/Memory.vhd
# Compile Entity "Memory"
# Compile Architecture "Memory" of Entity "Memory"
# Error: COMP96_0367: Memory.vhd : (20, 11): Improper array length (6). Expected length is 7.
# Compile failure 1 Errors 0 Warnings  Analysis time :  16.0 [ms]
acom -O3 -e 100 -work Design2_LOAD_SUM_SUB_JNZ_MULT -2002  $dsn/src/Memory.vhd
# Warning: DAGGEN_0523: The source is compiled without the -dbg switch. Line breakpoints and assertion debug will not be available.
# File: C:/Users/Faryar/Desktop/Simple-Processor-VHDL/CustomProcessor/Design2_LOAD_SUM_SUB_JNZ_MULT/src/Memory.vhd
# Compile Entity "Memory"
# Compile Architecture "Memory" of Entity "Memory"
# Compile success 0 Errors 0 Warnings  Analysis time :  16.0 [ms]
SetActiveLib -work
comp -include "$dsn\src\Main.vhd" 
# Warning: DAGGEN_0523: The source is compiled without the -dbg switch. Line breakpoints and assertion debug will not be available.
# File: C:/Users/Faryar/Desktop/Simple-Processor-VHDL/CustomProcessor/Design2_LOAD_SUM_SUB_JNZ_MULT/src/Main.vhd
# Compile Entity "Main"
# Compile Architecture "Main" of Entity "Main"
# Compile success 0 Errors 0 Warnings  Analysis time :  16.0 [ms]
comp -include "$dsn\src\TestBench\main_TB.vhd" 
# Warning: DAGGEN_0523: The source is compiled without the -dbg switch. Line breakpoints and assertion debug will not be available.
# File: C:/Users/Faryar/Desktop/Simple-Processor-VHDL/CustomProcessor/Design2_LOAD_SUM_SUB_JNZ_MULT/src/TestBench/main_TB.vhd
# Compile Entity "main_tb"
# Compile Architecture "TB_ARCHITECTURE" of Entity "main_tb"
# Compile Configuration "TESTBENCH_FOR_main"
# Compile success 0 Errors 0 Warnings  Analysis time :  15.0 [ms]
asim +access +r TESTBENCH_FOR_main 
# ELBREAD: Elaboration process.
# ELBREAD: Elaboration time 0.0 [s].
# VSIM: Stack memory: 32MB
# VSIM: Retval memory: 32MB
# KERNEL: Main thread initiated.
# KERNEL: Kernel process initialization phase.
# ELAB2: Elaboration final pass...
# ELAB2: Create instances ...
# KERNEL: Time resolution set to 1ps.
# ELAB2: Create instances complete.
# SLP: Started
# SLP: Elaboration phase ...
# SLP: Elaboration phase ... skipped, nothing to simulate in SLP mode : 0.0 [s]
# SLP: Finished : 0.0 [s]
# ELAB2: Elaboration final pass complete - time: 0.0 [s].
# KERNEL: Kernel process initialization done.
# Allocation: Simulator allocated 6619 kB (elbread=427 elab2=6052 kernel=140 sdf=0)
# KERNEL: ASDB file was created in location C:\Users\Faryar\Desktop\Simple-Processor-VHDL\CustomProcessor\Design2_LOAD_SUM_SUB_JNZ_MULT\src\wave.asdb
#  1:03 AM, Tuesday, July 04, 2023
#  Simulation has been initialized
# Waveform file 'untitled.awc' connected to 'C:/Users/Faryar/Desktop/Simple-Processor-VHDL/CustomProcessor/Design2_LOAD_SUM_SUB_JNZ_MULT/src/wave.asdb'.
wave 
wave -noreg CLK
wave -noreg RST
wave -noreg BUS_Sel
wave -noreg INC
wave -noreg CMD
wave -noreg IR
wave -noreg PC
wave -noreg LD_REG
wave -noreg Reg0
wave -noreg Reg1
wave -noreg Reg2
wave -noreg Reg3
wave -noreg ALU_out
wave -noreg bus_data
wave -noreg Memory_Data
# # The following lines can be used for timing simulation
# # acom <backannotated_vhdl_file_name>
# # comp -include "$dsn\src\TestBench\main_TB_tim_cfg.vhd" 
# # asim +access +r TIMING_FOR_main 
# VSIM: 15 object(s) traced.
# Waveform file 'untitled.awc' connected to 'C:/Users/Faryar/Desktop/Simple-Processor-VHDL/CustomProcessor/Design2_LOAD_SUM_SUB_JNZ_MULT/src/wave.asdb'.
run 100 ns
# KERNEL: WARNING: NUMERIC_STD.TO_INTEGER: metavalue detected, returning 0
# KERNEL: Time: 0 ps,  Iteration: 0,  Instance: /main_tb/UUT/ControlUnit_inst,  Process: line__26.
# KERNEL: WARNING: NUMERIC_STD.TO_INTEGER: metavalue detected, returning 0
# KERNEL: Time: 0 ps,  Iteration: 0,  Instance: /main_tb/UUT/ROM0,  Process: line__21.
# KERNEL: WARNING: There is an 'U'|'X'|'W'|'Z'|'-' in an arithmetic operand, the result will be 'X'(es).
# KERNEL: Time: 10 ns,  Iteration: 2,  Instance: /main_tb/UUT/ALU0,  Process: line__18.
# KERNEL: stopped at time: 100 ns
run 100 ns
# KERNEL: stopped at time: 200 ns
run 100 ns
# KERNEL: WARNING: NUMERIC_STD.TO_INTEGER: metavalue detected, returning 0
# KERNEL: Time: 230 ns,  Iteration: 2,  Instance: /main_tb/UUT/ALU0,  Process: line__18.
# KERNEL: WARNING: NUMERIC_STD.TO_INTEGER: metavalue detected, returning 0
# KERNEL: Time: 230 ns,  Iteration: 2,  Instance: /main_tb/UUT/ALU0,  Process: line__18.
# KERNEL: stopped at time: 300 ns
endsim
# VSIM: Simulation has finished.
